c:\users\lmntlklr1\downloads\spaghettirelay\spaghettirelay\project 2018\application\client\client\debug\vc142.pdb
c:\users\lmntlklr1\downloads\spaghettirelay\spaghettirelay\project 2018\application\client\client\debug\vc142.idb
c:\users\lmntlklr1\downloads\spaghettirelay\spaghettirelay\project 2018\application\client\client\debug\clientwrapper.obj
c:\users\lmntlklr1\downloads\spaghettirelay\spaghettirelay\project 2018\application\client\client\debug\client.obj
c:\users\lmntlklr1\downloads\spaghettirelay\spaghettirelay\project 2018\application\client\client\debug\platform.obj
c:\users\lmntlklr1\downloads\spaghettirelay\spaghettirelay\project 2018\debug\client.lib
c:\users\lmntlklr1\downloads\spaghettirelay\spaghettirelay\project 2018\debug\client.exp
c:\users\lmntlklr1\downloads\spaghettirelay\spaghettirelay\project 2018\application\client\client\debug\client.ilk
c:\users\lmntlklr1\downloads\spaghettirelay\spaghettirelay\project 2018\debug\client.dll
c:\users\lmntlklr1\downloads\spaghettirelay\spaghettirelay\project 2018\debug\client.pdb
c:\users\lmntlklr1\downloads\spaghettirelay\spaghettirelay\project 2018\spaghetti-relay\application\client\client\debug\client.obj
c:\users\lmntlklr1\downloads\spaghettirelay\spaghettirelay\project 2018\spaghetti-relay\application\client\client\debug\clientwrapper.obj
c:\users\lmntlklr1\downloads\spaghettirelay\spaghettirelay\project 2018\spaghetti-relay\application\client\client\debug\platform.obj
c:\users\lmntlklr1\downloads\spaghettirelay\spaghettirelay\project 2018\spaghetti-relay\application\client\client\debug\client.ilk
c:\users\lmntlklr1\downloads\spaghettirelay\spaghettirelay\project 2018\spaghetti-relay\application\client\client\debug\vc142.idb
c:\users\lmntlklr1\downloads\spaghettirelay\spaghettirelay\project 2018\spaghetti-relay\application\client\client\debug\vc142.pdb
c:\users\lmntlklr1\downloads\spaghettirelay\spaghettirelay\project 2018\spaghetti-relay\debug\client.pdb
c:\users\lmntlklr1\downloads\spaghettirelay\spaghettirelay\project 2018\spaghetti-relay\debug\client.dll
c:\users\lmntlklr1\downloads\spaghettirelay\spaghettirelay\project 2018\spaghetti-relay\application\client\client\debug\client.tlog\cl.command.1.tlog
c:\users\lmntlklr1\downloads\spaghettirelay\spaghettirelay\project 2018\spaghetti-relay\application\client\client\debug\client.tlog\cl.read.1.tlog
c:\users\lmntlklr1\downloads\spaghettirelay\spaghettirelay\project 2018\spaghetti-relay\application\client\client\debug\client.tlog\cl.write.1.tlog
c:\users\lmntlklr1\downloads\spaghettirelay\spaghettirelay\project 2018\spaghetti-relay\application\client\client\debug\client.tlog\client.write.1u.tlog
c:\users\lmntlklr1\downloads\spaghettirelay\spaghettirelay\project 2018\spaghetti-relay\application\client\client\debug\client.tlog\link.command.1.tlog
c:\users\lmntlklr1\downloads\spaghettirelay\spaghettirelay\project 2018\spaghetti-relay\application\client\client\debug\client.tlog\link.read.1.tlog
c:\users\lmntlklr1\downloads\spaghettirelay\spaghettirelay\project 2018\spaghetti-relay\application\client\client\debug\client.tlog\link.write.1.tlog
